<?xml version="1.0" encoding="UTF-8"?>
<!-- Generated by org.testng.reporters.JUnitXMLReporter -->
<testsuite hostname="Shailendra" ignored="0" name="Test" tests="3" failures="0" timestamp="2020-08-12T07:59:50 IST" time="21.88" errors="0">
  <testcase name="test1" time="0.507" classname="screenshots.TestScreenshots"/>
  <testcase name="test2" time="0.555" classname="screenshots.TestScreenshots"/>
  <testcase name="test3" time="0.63" classname="screenshots.TestScreenshots"/>
</testsuite> <!-- Test -->
