<?xml version="1.0" encoding="UTF-8"?>
<testng-results skipped="0" failed="0" ignored="0" total="1" passed="1">
  <reporter-output>
  </reporter-output>
  <suite name="Default suite" duration-ms="20534" started-at="2020-05-19T17:07:39 IST" finished-at="2020-05-19T17:07:59 IST">
    <groups>
    </groups>
    <test name="Default test" duration-ms="20534" started-at="2020-05-19T17:07:39 IST" finished-at="2020-05-19T17:07:59 IST">
      <class name="screenshots.ScreenShotFirefox">
        <test-method status="PASS" signature="setUp()[pri:0, instance:screenshots.ScreenShotFirefox@1786dec2]" name="setUp" is-config="true" duration-ms="10006" started-at="2020-05-19T17:07:39 IST" finished-at="2020-05-19T17:07:49 IST">
          <reporter-output>
          </reporter-output>
        </test-method> <!-- setUp -->
        <test-method status="PASS" signature="test1()[pri:0, instance:screenshots.ScreenShotFirefox@1786dec2]" name="test1" duration-ms="6424" started-at="2020-05-19T17:07:49 IST" finished-at="2020-05-19T17:07:55 IST">
          <reporter-output>
          </reporter-output>
        </test-method> <!-- test1 -->
        <test-method status="PASS" signature="tearDown()[pri:0, instance:screenshots.ScreenShotFirefox@1786dec2]" name="tearDown" is-config="true" duration-ms="3942" started-at="2020-05-19T17:07:55 IST" finished-at="2020-05-19T17:07:59 IST">
          <reporter-output>
          </reporter-output>
        </test-method> <!-- tearDown -->
      </class> <!-- screenshots.ScreenShotFirefox -->
    </test> <!-- Default test -->
  </suite> <!-- Default suite -->
</testng-results>
